<?xml version="1.0" encoding="UTF-8"?>
<!-- Generated by org.testng.reporters.JUnitReportReporter -->
<testsuite hostname="DESKTOP-LE9U86J" name="com.alsis.HomepageTest" tests="1" failures="0" timestamp="11 Aug 2020 01:26:09 GMT" time="35.138" errors="0">
  <testcase name="VerifySearchBoxClickable" time="35.138" classname="com.alsis.HomepageTest"/>
</testsuite> <!-- com.alsis.HomepageTest -->
