<?xml version="1.0" encoding="UTF-8"?>
<!-- Generated by org.testng.reporters.JUnitReportReporter -->
<testsuite hostname="DESKTOP-LE9U86J" name="com.alsis.App" tests="1" failures="0" timestamp="8 Aug 2020 16:23:05 GMT" time="94.774" errors="0">
  <testcase name="m1" time="94.774" classname="com.alsis.App"/>
</testsuite> <!-- com.alsis.App -->
