<?xml version="1.0" encoding="UTF-8"?>
<!-- Generated by org.testng.reporters.JUnitReportReporter -->
<testsuite hostname="DESKTOP-LE9U86J" name="com.alsis.App2" tests="1" failures="0" timestamp="8 Aug 2020 16:23:05 GMT" time="146.248" errors="0">
  <testcase name="m3" time="146.248" classname="com.alsis.App2"/>
</testsuite> <!-- com.alsis.App2 -->
