<?xml version="1.0" encoding="UTF-8"?>
<!-- Generated by org.testng.reporters.JUnitReportReporter -->
<testsuite hostname="DESKTOP-LE9U86J" name="com.alsis.App1" tests="1" failures="0" timestamp="8 Aug 2020 16:23:05 GMT" time="133.029" errors="0">
  <testcase name="m2" time="133.029" classname="com.alsis.App1"/>
</testsuite> <!-- com.alsis.App1 -->
